<?xml version="1.0" encoding="UTF-8"?>
<!-- Generated by org.testng.reporters.JUnitXMLReporter -->
<testsuite hostname="MMS" ignored="2" name="FlipKart Testcases 2 and 3: Login via Popup and Product Search" tests="2" failures="0" timestamp="13 Jul 2021 15:03:12 GMT" time="38.772" errors="0">
  <testcase name="LoginFlipkart" time="9.28" classname="com.FlipKart.TestCases.LoginFlipKartviaAlertPopup"/>
  <testcase name="ProductSearch" time="10.902" classname="com.FlipKart.TestCases.FlipKartProductSearch"/>
  <testcase name="@AfterTest teardown" time="0.0" classname="com.FlipKart.CommonFunctions.BrowserSetup">
    <ignored/>
  </testcase> <!-- @AfterTest teardown -->
  <testcase name="@BeforeTest Selectbrowser" time="0.0" classname="com.FlipKart.CommonFunctions.BrowserSetup">
    <ignored/>
  </testcase> <!-- @BeforeTest Selectbrowser -->
</testsuite> <!-- FlipKart Testcases 2 and 3: Login via Popup and Product Search -->
